# JRE version: OpenJDK Runtime Environment (8.0_76-b03) (build 1.8.0_76-release-b03)
# Java VM: OpenJDK 64-Bit Server VM (25.76-b03 mixed mode windows-amd64 compressed oops)
Heap:
 PSYoungGen      total 287744K, used 106640K [0x00000000e0000000, 0x00000000f6500000, 0x0000000100000000)
  eden space 262144K, 40% used [0x00000000e0000000,0x00000000e6824398,0x00000000f0000000)
  from space 25600K, 0% used [0x00000000f4c00000,0x00000000f4c00000,0x00000000f6500000)
  to   space 24064K, 82% used [0x00000000f0000000,0x00000000f135dd98,0x00000000f1780000)
 ParOldGen       total 96256K, used 96082K [0x00000000a0000000, 0x00000000a5e00000, 0x00000000e0000000)
  object space 96256K, 99% used [0x00000000a0000000,0x00000000a5dd4aa0,0x00000000a5e00000)
 Metaspace       used 66806K, capacity 69188K, committed 69424K, reserved 1110016K
  class space    used 8619K, capacity 9171K, committed 9264K, reserved 1048576K
GC Heap History (10 events):
Event: 114.196 GC heap before
{Heap before GC invocations=13 (full 3):
 PSYoungGen      total 284160K, used 260096K [0x00000000e0000000, 0x00000000f2f80000, 0x0000000100000000)
  eden space 260096K, 100% used [0x00000000e0000000,0x00000000efe00000,0x00000000efe00000)
  from space 24064K, 0% used [0x00000000efe00000,0x00000000efe00000,0x00000000f1580000)
  to   space 24576K, 0% used [0x00000000f1780000,0x00000000f1780000,0x00000000f2f80000)
 ParOldGen       total 89088K, used 44121K [0x00000000a0000000, 0x00000000a5700000, 0x00000000e0000000)
  object space 89088K, 49% used [0x00000000a0000000,0x00000000a2b16580,0x00000000a5700000)
 Metaspace       used 56274K, capacity 58604K, committed 58800K, reserved 1099776K
  class space    used 7579K, capacity 8101K, committed 8112K, reserved 1048576K
Event: 114.203 GC heap after
Heap after GC invocations=13 (full 3):
 PSYoungGen      total 286720K, used 7314K [0x00000000e0000000, 0x00000000f6680000, 0x0000000100000000)
  eden space 262144K, 0% used [0x00000000e0000000,0x00000000e0000000,0x00000000f0000000)
  from space 24576K, 29% used [0x00000000f1780000,0x00000000f1ea4978,0x00000000f2f80000)
  to   space 24064K, 0% used [0x00000000f0000000,0x00000000f0000000,0x00000000f1780000)
 ParOldGen       total 89088K, used 44129K [0x00000000a0000000, 0x00000000a5700000, 0x00000000e0000000)
  object space 89088K, 49% used [0x00000000a0000000,0x00000000a2b18580,0x00000000a5700000)
 Metaspace       used 56274K, capacity 58604K, committed 58800K, reserved 1099776K
  class space    used 7579K, capacity 8101K, committed 8112K, reserved 1048576K
}
Event: 120.177 GC heap before
{Heap before GC invocations=14 (full 3):
 PSYoungGen      total 286720K, used 269458K [0x00000000e0000000, 0x00000000f6680000, 0x0000000100000000)
  eden space 262144K, 100% used [0x00000000e0000000,0x00000000f0000000,0x00000000f0000000)
  from space 24576K, 29% used [0x00000000f1780000,0x00000000f1ea4978,0x00000000f2f80000)
  to   space 24064K, 0% used [0x00000000f0000000,0x00000000f0000000,0x00000000f1780000)
 ParOldGen       total 89088K, used 44129K [0x00000000a0000000, 0x00000000a5700000, 0x00000000e0000000)
  object space 89088K, 49% used [0x00000000a0000000,0x00000000a2b18580,0x00000000a5700000)
 Metaspace       used 63430K, capacity 65862K, committed 65968K, reserved 1105920K
  class space    used 8338K, capacity 8874K, committed 8880K, reserved 1048576K
Event: 120.192 GC heap after
Heap after GC invocations=14 (full 3):
 PSYoungGen      total 286208K, used 18552K [0x00000000e0000000, 0x00000000f6500000, 0x0000000100000000)
  eden space 262144K, 0% used [0x00000000e0000000,0x00000000e0000000,0x00000000f0000000)
  from space 24064K, 77% used [0x00000000f0000000,0x00000000f121e108,0x00000000f1780000)
  to   space 25600K, 0% used [0x00000000f4c00000,0x00000000f4c00000,0x00000000f6500000)
 ParOldGen       total 89088K, used 44145K [0x00000000a0000000, 0x00000000a5700000, 0x00000000e0000000)
  object space 89088K, 49% used [0x00000000a0000000,0x00000000a2b1c580,0x00000000a5700000)
 Metaspace       used 63430K, capacity 65862K, committed 65968K, reserved 1105920K
  class space    used 8338K, capacity 8874K, committed 8880K, reserved 1048576K
}
Event: 121.082 GC heap before
{Heap before GC invocations=15 (full 3):
 PSYoungGen      total 286208K, used 280696K [0x00000000e0000000, 0x00000000f6500000, 0x0000000100000000)
  eden space 262144K, 100% used [0x00000000e0000000,0x00000000f0000000,0x00000000f0000000)
  from space 24064K, 77% used [0x00000000f0000000,0x00000000f121e108,0x00000000f1780000)
  to   space 25600K, 0% used [0x00000000f4c00000,0x00000000f4c00000,0x00000000f6500000)
 ParOldGen       total 89088K, used 44145K [0x00000000a0000000, 0x00000000a5700000, 0x00000000e0000000)
  object space 89088K, 49% used [0x00000000a0000000,0x00000000a2b1c580,0x00000000a5700000)
 Metaspace       used 66198K, capacity 68632K, committed 68912K, reserved 1110016K
  class space    used 8585K, capacity 9153K, committed 9264K, reserved 1048576K
Event: 121.131 GC heap after
Heap after GC invocations=15 (full 3):
 PSYoungGen      total 287744K, used 25577K [0x00000000e0000000, 0x00000000f6500000, 0x0000000100000000)
  eden space 262144K, 0% used [0x00000000e0000000,0x00000000e0000000,0x00000000f0000000)
  from space 25600K, 99% used [0x00000000f4c00000,0x00000000f64fa770,0x00000000f6500000)
  to   space 24064K, 0% used [0x00000000f0000000,0x00000000f0000000,0x00000000f1780000)
 ParOldGen       total 89088K, used 66747K [0x00000000a0000000, 0x00000000a5700000, 0x00000000e0000000)
  object space 89088K, 74% used [0x00000000a0000000,0x00000000a412ecd8,0x00000000a5700000)
 Metaspace       used 66198K, capacity 68632K, committed 68912K, reserved 1110016K
  class space    used 8585K, capacity 9153K, committed 9264K, reserved 1048576K
}
Event: 121.741 GC heap before
{Heap before GC invocations=16 (full 3):
 PSYoungGen      total 287744K, used 287721K [0x00000000e0000000, 0x00000000f6500000, 0x0000000100000000)
  eden space 262144K, 100% used [0x00000000e0000000,0x00000000f0000000,0x00000000f0000000)
  from space 25600K, 99% used [0x00000000f4c00000,0x00000000f64fa770,0x00000000f6500000)
  to   space 24064K, 0% used [0x00000000f0000000,0x00000000f0000000,0x00000000f1780000)
 ParOldGen       total 89088K, used 66747K [0x00000000a0000000, 0x00000000a5700000, 0x00000000e0000000)
  object space 89088K, 74% used [0x00000000a0000000,0x00000000a412ecd8,0x00000000a5700000)
 Metaspace       used 66761K, capacity 69176K, committed 69424K, reserved 1110016K
  class space    used 8624K, capacity 9185K, committed 9264K, reserved 1048576K
Event: 121.907 GC heap after
Heap after GC invocations=16 (full 3):
 PSYoungGen      total 287744K, used 287721K [0x00000000e0000000, 0x00000000f6500000, 0x0000000100000000)
  eden space 262144K, 100% used [0x00000000e0000000,0x00000000f0000000,0x00000000f0000000)
  from space 25600K, 99% used [0x00000000f4c00000,0x00000000f64fa770,0x00000000f6500000)
  to   space 24064K, 99% used [0x00000000f0000000,0x00000000f177f1b8,0x00000000f1780000)
 ParOldGen       total 96256K, used 96249K [0x00000000a0000000, 0x00000000a5e00000, 0x00000000e0000000)
  object space 96256K, 99% used [0x00000000a0000000,0x00000000a5dfe648,0x00000000a5e00000)
 Metaspace       used 66761K, capacity 69176K, committed 69424K, reserved 1110016K
  class space    used 8624K, capacity 9185K, committed 9264K, reserved 1048576K
}
Event: 121.907 GC heap before
{Heap before GC invocations=17 (full 4):
 PSYoungGen      total 287744K, used 287721K [0x00000000e0000000, 0x00000000f6500000, 0x0000000100000000)
  eden space 262144K, 100% used [0x00000000e0000000,0x00000000f0000000,0x00000000f0000000)
  from space 25600K, 99% used [0x00000000f4c00000,0x00000000f64fa770,0x00000000f6500000)
  to   space 24064K, 99% used [0x00000000f0000000,0x00000000f177f1b8,0x00000000f1780000)
 ParOldGen       total 96256K, used 96249K [0x00000000a0000000, 0x00000000a5e00000, 0x00000000e0000000)
  object space 96256K, 99% used [0x00000000a0000000,0x00000000a5dfe648,0x00000000a5e00000)
 Metaspace       used 66761K, capacity 69176K, committed 69424K, reserved 1110016K
  class space    used 8624K, capacity 9185K, committed 9264K, reserved 1048576K
Event: 122.485 GC heap after
Heap after GC invocations=17 (full 4):
 PSYoungGen      total 287744K, used 0K [0x00000000e0000000, 0x00000000f6500000, 0x0000000100000000)
  eden space 262144K, 0% used [0x00000000e0000000,0x00000000e0000000,0x00000000f0000000)
  from space 25600K, 0% used [0x00000000f4c00000,0x00000000f4c00000,0x00000000f6500000)
  to   space 24064K, 82% used [0x00000000f0000000,0x00000000f135dd98,0x00000000f1780000)
 ParOldGen       total 96256K, used 96082K [0x00000000a0000000, 0x00000000a5e00000, 0x00000000e0000000)
  object space 96256K, 99% used [0x00000000a0000000,0x00000000a5dd4aa0,0x00000000a5e00000)
 Metaspace       used 66740K, capacity 69124K, committed 69424K, reserved 1110016K
  class space    used 8617K, capacity 9171K, committed 9264K, reserved 1048576K
}

